[07-Jun-2023 04:00:14 America/New_York] PHP Fatal error:  Uncaught Error: Class "PHPMailer\PHPMailer" not found in /home/rossypgq/social.rosswilliamson.dev/config.php:6
Stack trace:
#0 /home/rossypgq/social.rosswilliamson.dev/public/index.php(15): require_once()
#1 {main}
  thrown in /home/rossypgq/social.rosswilliamson.dev/config.php on line 6
[07-Jun-2023 04:15:30 America/New_York] PHP Fatal error:  Uncaught Error: Class "PHPMailer\PHPMailer" not found in /home/rossypgq/social.rosswilliamson.dev/config.php:6
Stack trace:
#0 /home/rossypgq/social.rosswilliamson.dev/public/index.php(15): require_once()
#1 {main}
  thrown in /home/rossypgq/social.rosswilliamson.dev/config.php on line 6
[07-Jun-2023 04:16:18 America/New_York] PHP Fatal error:  Uncaught Error: Class "PHPMailer\PHPMailer" not found in /home/rossypgq/social.rosswilliamson.dev/config.php:6
Stack trace:
#0 /home/rossypgq/social.rosswilliamson.dev/public/index.php(15): require_once()
#1 {main}
  thrown in /home/rossypgq/social.rosswilliamson.dev/config.php on line 6
[07-Jun-2023 04:17:17 America/New_York] PHP Fatal error:  Uncaught Error: Class "PHPMailer\PHPMailer" not found in /home/rossypgq/social.rosswilliamson.dev/config.php:6
Stack trace:
#0 /home/rossypgq/social.rosswilliamson.dev/public/index.php(15): require_once()
#1 {main}
  thrown in /home/rossypgq/social.rosswilliamson.dev/config.php on line 6
[07-Jun-2023 04:17:36 America/New_York] PHP Fatal error:  Uncaught Error: Class "PHPMailer\PHPMailer" not found in /home/rossypgq/social.rosswilliamson.dev/config.php:6
Stack trace:
#0 /home/rossypgq/social.rosswilliamson.dev/public/index.php(15): require_once()
#1 {main}
  thrown in /home/rossypgq/social.rosswilliamson.dev/config.php on line 6
[07-Jun-2023 04:17:36 America/New_York] PHP Fatal error:  Uncaught Error: Class "PHPMailer\PHPMailer" not found in /home/rossypgq/social.rosswilliamson.dev/config.php:6
Stack trace:
#0 /home/rossypgq/social.rosswilliamson.dev/public/index.php(15): require_once()
#1 {main}
  thrown in /home/rossypgq/social.rosswilliamson.dev/config.php on line 6
[07-Jun-2023 04:17:36 America/New_York] PHP Fatal error:  Uncaught Error: Class "PHPMailer\PHPMailer" not found in /home/rossypgq/social.rosswilliamson.dev/config.php:6
Stack trace:
#0 /home/rossypgq/social.rosswilliamson.dev/public/index.php(15): require_once()
#1 {main}
  thrown in /home/rossypgq/social.rosswilliamson.dev/config.php on line 6
[07-Jun-2023 04:17:37 America/New_York] PHP Fatal error:  Uncaught Error: Class "PHPMailer\PHPMailer" not found in /home/rossypgq/social.rosswilliamson.dev/config.php:6
Stack trace:
#0 /home/rossypgq/social.rosswilliamson.dev/public/index.php(15): require_once()
#1 {main}
  thrown in /home/rossypgq/social.rosswilliamson.dev/config.php on line 6
[07-Jun-2023 04:17:37 America/New_York] PHP Fatal error:  Uncaught Error: Class "PHPMailer\PHPMailer" not found in /home/rossypgq/social.rosswilliamson.dev/config.php:6
Stack trace:
#0 /home/rossypgq/social.rosswilliamson.dev/public/index.php(15): require_once()
#1 {main}
  thrown in /home/rossypgq/social.rosswilliamson.dev/config.php on line 6
[07-Jun-2023 04:17:37 America/New_York] PHP Fatal error:  Uncaught Error: Class "PHPMailer\PHPMailer" not found in /home/rossypgq/social.rosswilliamson.dev/config.php:6
Stack trace:
#0 /home/rossypgq/social.rosswilliamson.dev/public/index.php(15): require_once()
#1 {main}
  thrown in /home/rossypgq/social.rosswilliamson.dev/config.php on line 6
[07-Jun-2023 04:17:37 America/New_York] PHP Fatal error:  Uncaught Error: Class "PHPMailer\PHPMailer" not found in /home/rossypgq/social.rosswilliamson.dev/config.php:6
Stack trace:
#0 /home/rossypgq/social.rosswilliamson.dev/public/index.php(15): require_once()
#1 {main}
  thrown in /home/rossypgq/social.rosswilliamson.dev/config.php on line 6
[07-Jun-2023 04:17:41 America/New_York] PHP Fatal error:  Uncaught Error: Class "PHPMailer\PHPMailer" not found in /home/rossypgq/social.rosswilliamson.dev/config.php:6
Stack trace:
#0 /home/rossypgq/social.rosswilliamson.dev/public/index.php(15): require_once()
#1 {main}
  thrown in /home/rossypgq/social.rosswilliamson.dev/config.php on line 6
[07-Jun-2023 04:17:41 America/New_York] PHP Fatal error:  Uncaught Error: Class "PHPMailer\PHPMailer" not found in /home/rossypgq/social.rosswilliamson.dev/config.php:6
Stack trace:
#0 /home/rossypgq/social.rosswilliamson.dev/public/index.php(15): require_once()
#1 {main}
  thrown in /home/rossypgq/social.rosswilliamson.dev/config.php on line 6
[07-Jun-2023 04:17:42 America/New_York] PHP Fatal error:  Uncaught Error: Class "PHPMailer\PHPMailer" not found in /home/rossypgq/social.rosswilliamson.dev/config.php:6
Stack trace:
#0 /home/rossypgq/social.rosswilliamson.dev/public/index.php(15): require_once()
#1 {main}
  thrown in /home/rossypgq/social.rosswilliamson.dev/config.php on line 6
[07-Jun-2023 04:17:49 America/New_York] PHP Fatal error:  Uncaught Error: Class "PHPMailer\PHPMailer" not found in /home/rossypgq/social.rosswilliamson.dev/config.php:6
Stack trace:
#0 /home/rossypgq/social.rosswilliamson.dev/public/index.php(15): require_once()
#1 {main}
  thrown in /home/rossypgq/social.rosswilliamson.dev/config.php on line 6
[07-Jun-2023 04:17:50 America/New_York] PHP Fatal error:  Uncaught Error: Class "PHPMailer\PHPMailer" not found in /home/rossypgq/social.rosswilliamson.dev/config.php:6
Stack trace:
#0 /home/rossypgq/social.rosswilliamson.dev/public/index.php(15): require_once()
#1 {main}
  thrown in /home/rossypgq/social.rosswilliamson.dev/config.php on line 6
[07-Jun-2023 04:18:46 America/New_York] PHP Fatal error:  Uncaught Error: Class "PHPMailer\PHPMailer" not found in /home/rossypgq/social.rosswilliamson.dev/config.php:6
Stack trace:
#0 /home/rossypgq/social.rosswilliamson.dev/public/index.php(15): require_once()
#1 {main}
  thrown in /home/rossypgq/social.rosswilliamson.dev/config.php on line 6
[07-Jun-2023 04:19:05 America/New_York] PHP Fatal error:  Uncaught Error: Class "PHPMailer\PHPMailer" not found in /home/rossypgq/social.rosswilliamson.dev/config.php:6
Stack trace:
#0 /home/rossypgq/social.rosswilliamson.dev/public/index.php(15): require_once()
#1 {main}
  thrown in /home/rossypgq/social.rosswilliamson.dev/config.php on line 6
[07-Jun-2023 04:19:14 America/New_York] PHP Fatal error:  Uncaught Error: Class "PHPMailer\PHPMailer" not found in /home/rossypgq/social.rosswilliamson.dev/config.php:6
Stack trace:
#0 /home/rossypgq/social.rosswilliamson.dev/public/index.php(15): require_once()
#1 {main}
  thrown in /home/rossypgq/social.rosswilliamson.dev/config.php on line 6
[07-Jun-2023 04:19:20 America/New_York] PHP Fatal error:  Uncaught Error: Class "PHPMailer\PHPMailer" not found in /home/rossypgq/social.rosswilliamson.dev/config.php:6
Stack trace:
#0 /home/rossypgq/social.rosswilliamson.dev/public/index.php(15): require_once()
#1 {main}
  thrown in /home/rossypgq/social.rosswilliamson.dev/config.php on line 6
[07-Jun-2023 04:19:32 America/New_York] PHP Fatal error:  Uncaught Error: Class "PHPMailer\PHPMailer" not found in /home/rossypgq/social.rosswilliamson.dev/config.php:6
Stack trace:
#0 /home/rossypgq/social.rosswilliamson.dev/public/index.php(15): require_once()
#1 {main}
  thrown in /home/rossypgq/social.rosswilliamson.dev/config.php on line 6
[07-Jun-2023 04:20:00 America/New_York] PHP Fatal error:  Uncaught Error: Class "PHPMailer\PHPMailer" not found in /home/rossypgq/social.rosswilliamson.dev/config.php:6
Stack trace:
#0 /home/rossypgq/social.rosswilliamson.dev/public/index.php(15): require_once()
#1 {main}
  thrown in /home/rossypgq/social.rosswilliamson.dev/config.php on line 6
[07-Jun-2023 04:21:54 America/New_York] PHP Fatal error:  Uncaught Error: Class "PHPMailer\PHPMailer" not found in /home/rossypgq/social.rosswilliamson.dev/config.php:6
Stack trace:
#0 /home/rossypgq/social.rosswilliamson.dev/public/index.php(15): require_once()
#1 {main}
  thrown in /home/rossypgq/social.rosswilliamson.dev/config.php on line 6
[07-Jun-2023 04:22:54 America/New_York] PHP Fatal error:  Uncaught Error: Class "PHPMailer\PHPMailer" not found in /home/rossypgq/social.rosswilliamson.dev/config.php:6
Stack trace:
#0 /home/rossypgq/social.rosswilliamson.dev/public/index.php(15): require_once()
#1 {main}
  thrown in /home/rossypgq/social.rosswilliamson.dev/config.php on line 6
[07-Jun-2023 04:33:10 America/New_York] PHP Fatal error:  Uncaught Error: Class "PHPMailer\PHPMailer" not found in /home/rossypgq/social.rosswilliamson.dev/config.php:6
Stack trace:
#0 /home/rossypgq/social.rosswilliamson.dev/public/index.php(18): require_once()
#1 {main}
  thrown in /home/rossypgq/social.rosswilliamson.dev/config.php on line 6
[07-Jun-2023 04:34:18 America/New_York] PHP Fatal error:  Uncaught Error: Class "PHPMailer\PHPMailer" not found in /home/rossypgq/social.rosswilliamson.dev/config.php:6
Stack trace:
#0 /home/rossypgq/social.rosswilliamson.dev/public/index.php(18): require_once()
#1 {main}
  thrown in /home/rossypgq/social.rosswilliamson.dev/config.php on line 6
[07-Jun-2023 04:34:26 America/New_York] PHP Fatal error:  Uncaught Error: Class "PHPMailer\PHPMailer" not found in /home/rossypgq/social.rosswilliamson.dev/config.php:6
Stack trace:
#0 /home/rossypgq/social.rosswilliamson.dev/public/index.php(18): require_once()
#1 {main}
  thrown in /home/rossypgq/social.rosswilliamson.dev/config.php on line 6
[07-Jun-2023 04:36:21 America/New_York] PHP Fatal error:  Uncaught Error: Class "sessions\session" not found in /home/rossypgq/social.rosswilliamson.dev/config.php:7
Stack trace:
#0 /home/rossypgq/social.rosswilliamson.dev/public/index.php(18): require_once()
#1 {main}
  thrown in /home/rossypgq/social.rosswilliamson.dev/config.php on line 7
[07-Jun-2023 04:37:09 America/New_York] PHP Fatal error:  Uncaught Error: Class "PHPMailer\PHPMailer" not found in /home/rossypgq/social.rosswilliamson.dev/config.php:6
Stack trace:
#0 /home/rossypgq/social.rosswilliamson.dev/public/index.php(18): require_once()
#1 {main}
  thrown in /home/rossypgq/social.rosswilliamson.dev/config.php on line 6
[07-Jun-2023 04:37:20 America/New_York] PHP Fatal error:  Uncaught Error: Class "PHPMailer\PHPMailer" not found in /home/rossypgq/social.rosswilliamson.dev/config.php:6
Stack trace:
#0 /home/rossypgq/social.rosswilliamson.dev/public/index.php(18): require_once()
#1 {main}
  thrown in /home/rossypgq/social.rosswilliamson.dev/config.php on line 6
[07-Jun-2023 04:37:56 America/New_York] PHP Fatal error:  Uncaught Error: Class "PHPMailer\PHPMailer" not found in /home/rossypgq/social.rosswilliamson.dev/config.php:6
Stack trace:
#0 /home/rossypgq/social.rosswilliamson.dev/public/index.php(18): require_once()
#1 {main}
  thrown in /home/rossypgq/social.rosswilliamson.dev/config.php on line 6
[07-Jun-2023 04:37:57 America/New_York] PHP Fatal error:  Uncaught Error: Class "PHPMailer\PHPMailer" not found in /home/rossypgq/social.rosswilliamson.dev/config.php:6
Stack trace:
#0 /home/rossypgq/social.rosswilliamson.dev/public/index.php(18): require_once()
#1 {main}
  thrown in /home/rossypgq/social.rosswilliamson.dev/config.php on line 6
[07-Jun-2023 04:38:41 America/New_York] PHP Fatal error:  Uncaught Error: Class "PHPMailer\PHPMailer" not found in /home/rossypgq/social.rosswilliamson.dev/config.php:6
Stack trace:
#0 /home/rossypgq/social.rosswilliamson.dev/public/index.php(18): require_once()
#1 {main}
  thrown in /home/rossypgq/social.rosswilliamson.dev/config.php on line 6
[07-Jun-2023 04:39:04 America/New_York] PHP Fatal error:  Uncaught Error: Class "PHPMailer\PHPMailer" not found in /home/rossypgq/social.rosswilliamson.dev/config.php:6
Stack trace:
#0 /home/rossypgq/social.rosswilliamson.dev/public/index.php(18): require_once()
#1 {main}
  thrown in /home/rossypgq/social.rosswilliamson.dev/config.php on line 6
[07-Jun-2023 04:39:19 America/New_York] PHP Fatal error:  Uncaught Error: Class "PHPMailer\PHPMailer" not found in /home/rossypgq/social.rosswilliamson.dev/config.php:6
Stack trace:
#0 /home/rossypgq/social.rosswilliamson.dev/public/index.php(18): require_once()
#1 {main}
  thrown in /home/rossypgq/social.rosswilliamson.dev/config.php on line 6
[07-Jun-2023 04:39:56 America/New_York] PHP Parse error:  Unclosed '(' on line 8 does not match '}' in /home/rossypgq/social.rosswilliamson.dev/public/index.php on line 20
[07-Jun-2023 04:39:58 America/New_York] PHP Parse error:  Unclosed '(' on line 8 does not match '}' in /home/rossypgq/social.rosswilliamson.dev/public/index.php on line 20
[07-Jun-2023 04:40:02 America/New_York] PHP Parse error:  Unclosed '(' on line 8 does not match '}' in /home/rossypgq/social.rosswilliamson.dev/public/index.php on line 20
[07-Jun-2023 04:40:27 America/New_York] PHP Fatal error:  Uncaught Error: Class "PHPMailer\PHPMailer" not found in /home/rossypgq/social.rosswilliamson.dev/config.php:6
Stack trace:
#0 /home/rossypgq/social.rosswilliamson.dev/public/index.php(19): require_once()
#1 {main}
  thrown in /home/rossypgq/social.rosswilliamson.dev/config.php on line 6
[07-Jun-2023 04:40:51 America/New_York] PHP Fatal error:  Uncaught Error: Class "PHPMailer\PHPMailer" not found in /home/rossypgq/social.rosswilliamson.dev/config.php:6
Stack trace:
#0 /home/rossypgq/social.rosswilliamson.dev/public/index.php(21): require_once()
#1 {main}
  thrown in /home/rossypgq/social.rosswilliamson.dev/config.php on line 6
[07-Jun-2023 04:42:41 America/New_York] PHP Fatal error:  Uncaught Error: Class "PHPMailer\PHPMailer" not found in /home/rossypgq/social.rosswilliamson.dev/config.php:6
Stack trace:
#0 /home/rossypgq/social.rosswilliamson.dev/public/index.php(21): require_once()
#1 {main}
  thrown in /home/rossypgq/social.rosswilliamson.dev/config.php on line 6
[07-Jun-2023 04:45:32 America/New_York] PHP Fatal error:  Uncaught Error: Class "formvalidation\forgotPassword" not found in /home/rossypgq/social.rosswilliamson.dev/config.php:7
Stack trace:
#0 /home/rossypgq/social.rosswilliamson.dev/public/index.php(21): require_once()
#1 {main}
  thrown in /home/rossypgq/social.rosswilliamson.dev/config.php on line 7
[07-Jun-2023 04:49:13 America/New_York] PHP Fatal error:  Uncaught Error: Class "PHPMailer\PHPMailer" not found in /home/rossypgq/social.rosswilliamson.dev/config.php:6
Stack trace:
#0 /home/rossypgq/social.rosswilliamson.dev/public/index.php(21): require_once()
#1 {main}
  thrown in /home/rossypgq/social.rosswilliamson.dev/config.php on line 6
[07-Jun-2023 04:49:49 America/New_York] PHP Fatal error:  Uncaught Error: Class "PHPMailer\PHPMailer" not found in /home/rossypgq/social.rosswilliamson.dev/config.php:6
Stack trace:
#0 /home/rossypgq/social.rosswilliamson.dev/public/index.php(21): require_once()
#1 {main}
  thrown in /home/rossypgq/social.rosswilliamson.dev/config.php on line 6
[07-Jun-2023 04:49:50 America/New_York] PHP Fatal error:  Uncaught Error: Class "PHPMailer\PHPMailer" not found in /home/rossypgq/social.rosswilliamson.dev/config.php:6
Stack trace:
#0 /home/rossypgq/social.rosswilliamson.dev/public/index.php(21): require_once()
#1 {main}
  thrown in /home/rossypgq/social.rosswilliamson.dev/config.php on line 6
[07-Jun-2023 04:49:51 America/New_York] PHP Fatal error:  Uncaught Error: Class "PHPMailer\PHPMailer" not found in /home/rossypgq/social.rosswilliamson.dev/config.php:6
Stack trace:
#0 /home/rossypgq/social.rosswilliamson.dev/public/index.php(21): require_once()
#1 {main}
  thrown in /home/rossypgq/social.rosswilliamson.dev/config.php on line 6
[07-Jun-2023 04:49:58 America/New_York] PHP Fatal error:  Uncaught Error: Class "PHPMailer\PHPMailer" not found in /home/rossypgq/social.rosswilliamson.dev/config.php:6
Stack trace:
#0 /home/rossypgq/social.rosswilliamson.dev/public/index.php(21): require_once()
#1 {main}
  thrown in /home/rossypgq/social.rosswilliamson.dev/config.php on line 6
[07-Jun-2023 04:50:16 America/New_York] PHP Fatal error:  Uncaught Error: Class "PHPMailer\PHPMailer" not found in /home/rossypgq/social.rosswilliamson.dev/config.php:6
Stack trace:
#0 /home/rossypgq/social.rosswilliamson.dev/public/index.php(21): require_once()
#1 {main}
  thrown in /home/rossypgq/social.rosswilliamson.dev/config.php on line 6
[07-Jun-2023 04:50:44 America/New_York] PHP Fatal error:  Uncaught Error: Class "PHPMailer\PHPMailer" not found in /home/rossypgq/social.rosswilliamson.dev/config.php:6
Stack trace:
#0 /home/rossypgq/social.rosswilliamson.dev/public/index.php(21): require_once()
#1 {main}
  thrown in /home/rossypgq/social.rosswilliamson.dev/config.php on line 6
[07-Jun-2023 04:50:45 America/New_York] PHP Fatal error:  Uncaught Error: Class "PHPMailer\PHPMailer" not found in /home/rossypgq/social.rosswilliamson.dev/config.php:6
Stack trace:
#0 /home/rossypgq/social.rosswilliamson.dev/public/index.php(21): require_once()
#1 {main}
  thrown in /home/rossypgq/social.rosswilliamson.dev/config.php on line 6
[07-Jun-2023 04:52:19 America/New_York] PHP Fatal error:  Uncaught Error: Class "PHPMailer\PHPMailer" not found in /home/rossypgq/social.rosswilliamson.dev/config.php:6
Stack trace:
#0 /home/rossypgq/social.rosswilliamson.dev/public/index.php(21): require_once()
#1 {main}
  thrown in /home/rossypgq/social.rosswilliamson.dev/config.php on line 6
[07-Jun-2023 04:52:22 America/New_York] PHP Fatal error:  Uncaught Error: Class "PHPMailer\PHPMailer" not found in /home/rossypgq/social.rosswilliamson.dev/config.php:6
Stack trace:
#0 /home/rossypgq/social.rosswilliamson.dev/public/index.php(21): require_once()
#1 {main}
  thrown in /home/rossypgq/social.rosswilliamson.dev/config.php on line 6
[07-Jun-2023 04:53:40 America/New_York] PHP Notice:  session_start(): Ignoring session_start() because a session is already active in /home/rossypgq/social.rosswilliamson.dev/public/index.php on line 7
[07-Jun-2023 04:53:40 America/New_York] PHP Fatal error:  Uncaught Error: Class "PHPMailer\PHPMailer" not found in /home/rossypgq/social.rosswilliamson.dev/config.php:6
Stack trace:
#0 /home/rossypgq/social.rosswilliamson.dev/public/index.php(20): require_once()
#1 {main}
  thrown in /home/rossypgq/social.rosswilliamson.dev/config.php on line 6
[07-Jun-2023 04:54:02 America/New_York] PHP Fatal error:  Uncaught Error: Class "PHPMailer\PHPMailer" not found in /home/rossypgq/social.rosswilliamson.dev/config.php:6
Stack trace:
#0 /home/rossypgq/social.rosswilliamson.dev/public/index.php(17): require_once()
#1 {main}
  thrown in /home/rossypgq/social.rosswilliamson.dev/config.php on line 6
[07-Jun-2023 05:02:42 America/New_York] PHP Warning:  Undefined variable $className in /home/rossypgq/social.rosswilliamson.dev/public/index.php on line 6
[07-Jun-2023 05:03:26 America/New_York] PHP Warning:  Undefined variable $className in /home/rossypgq/social.rosswilliamson.dev/public/index.php on line 6
[07-Jun-2023 05:03:50 America/New_York] PHP Fatal error:  Uncaught Error: Class "PHPMailer\PHPMailer" not found in /home/rossypgq/social.rosswilliamson.dev/config.php:6
Stack trace:
#0 /home/rossypgq/social.rosswilliamson.dev/public/index.php(17): require_once()
#1 {main}
  thrown in /home/rossypgq/social.rosswilliamson.dev/config.php on line 6
[07-Jun-2023 05:04:51 America/New_York] PHP Fatal error:  Uncaught Error: Class "PHPMailer\PHPMailer" not found in /home/rossypgq/social.rosswilliamson.dev/config.php:6
Stack trace:
#0 /home/rossypgq/social.rosswilliamson.dev/public/index.php(17): require_once()
#1 {main}
  thrown in /home/rossypgq/social.rosswilliamson.dev/config.php on line 6
[07-Jun-2023 05:15:59 America/New_York] PHP Fatal error:  Uncaught Error: Class "request\Request" not found in /home/rossypgq/social.rosswilliamson.dev/config.php:8
Stack trace:
#0 /home/rossypgq/social.rosswilliamson.dev/public/index.php(13): require_once()
#1 {main}
  thrown in /home/rossypgq/social.rosswilliamson.dev/config.php on line 8
[07-Jun-2023 05:16:00 America/New_York] PHP Fatal error:  Uncaught Error: Class "request\Request" not found in /home/rossypgq/social.rosswilliamson.dev/config.php:8
Stack trace:
#0 /home/rossypgq/social.rosswilliamson.dev/public/index.php(13): require_once()
#1 {main}
  thrown in /home/rossypgq/social.rosswilliamson.dev/config.php on line 8
[07-Jun-2023 05:16:38 America/New_York] PHP Fatal error:  Uncaught Error: Class "request\Request" not found in /home/rossypgq/social.rosswilliamson.dev/config.php:8
Stack trace:
#0 /home/rossypgq/social.rosswilliamson.dev/public/index.php(16): require_once()
#1 {main}
  thrown in /home/rossypgq/social.rosswilliamson.dev/config.php on line 8
[07-Jun-2023 05:17:39 America/New_York] PHP Fatal error:  Uncaught Error: Class "request\Request" not found in /home/rossypgq/social.rosswilliamson.dev/config.php:8
Stack trace:
#0 /home/rossypgq/social.rosswilliamson.dev/public/index.php(16): require_once()
#1 {main}
  thrown in /home/rossypgq/social.rosswilliamson.dev/config.php on line 8
[07-Jun-2023 05:21:35 America/New_York] PHP Fatal error:  Uncaught Error: Class "formvalidation\RegistrationFormCheck" not found in /home/rossypgq/social.rosswilliamson.dev/config.php:9
Stack trace:
#0 /home/rossypgq/social.rosswilliamson.dev/public/index.php(16): require_once()
#1 {main}
  thrown in /home/rossypgq/social.rosswilliamson.dev/config.php on line 9
[07-Jun-2023 05:23:18 America/New_York] PHP Fatal error:  Uncaught Error: Class "formvalidation\ResetPassword" not found in /home/rossypgq/social.rosswilliamson.dev/config.php:11
Stack trace:
#0 /home/rossypgq/social.rosswilliamson.dev/public/index.php(16): require_once()
#1 {main}
  thrown in /home/rossypgq/social.rosswilliamson.dev/config.php on line 11
[07-Jun-2023 05:24:39 America/New_York] PHP Fatal error:  Uncaught Error: Class "formvalidation\Upload" not found in /home/rossypgq/social.rosswilliamson.dev/config.php:14
Stack trace:
#0 /home/rossypgq/social.rosswilliamson.dev/public/index.php(16): require_once()
#1 {main}
  thrown in /home/rossypgq/social.rosswilliamson.dev/config.php on line 14
[07-Jun-2023 05:25:16 America/New_York] PHP Deprecated:  parse_str(): Passing null to parameter #1 ($string) of type string is deprecated in /home/rossypgq/social.rosswilliamson.dev/classes/request/Request.php on line 123
[07-Jun-2023 05:25:16 America/New_York] PHP Deprecated:  parse_str(): Passing null to parameter #1 ($string) of type string is deprecated in /home/rossypgq/social.rosswilliamson.dev/classes/request/Request.php on line 123
[07-Jun-2023 05:33:16 America/New_York] PHP Deprecated:  Constant FILTER_SANITIZE_STRING is deprecated in /home/rossypgq/social.rosswilliamson.dev/classes/request/Request.php on line 29
[07-Jun-2023 05:33:16 America/New_York] PHP Deprecated:  Constant FILTER_SANITIZE_STRING is deprecated in /home/rossypgq/social.rosswilliamson.dev/classes/request/Request.php on line 29
[07-Jun-2023 05:33:16 America/New_York] PHP Deprecated:  Constant FILTER_SANITIZE_STRING is deprecated in /home/rossypgq/social.rosswilliamson.dev/classes/request/Request.php on line 29
[07-Jun-2023 05:33:16 America/New_York] PHP Deprecated:  Constant FILTER_SANITIZE_STRING is deprecated in /home/rossypgq/social.rosswilliamson.dev/classes/request/Request.php on line 29
[07-Jun-2023 05:36:58 America/New_York] PHP Warning:  Undefined array key "username" in /home/rossypgq/social.rosswilliamson.dev/classes/sessions/session.php on line 23
[07-Jun-2023 05:45:55 America/New_York] PHP Deprecated:  Constant FILTER_SANITIZE_STRING is deprecated in /home/rossypgq/social.rosswilliamson.dev/classes/request/Request.php on line 29
[07-Jun-2023 05:45:55 America/New_York] PHP Deprecated:  Constant FILTER_SANITIZE_STRING is deprecated in /home/rossypgq/social.rosswilliamson.dev/classes/request/Request.php on line 29
[07-Jun-2023 05:45:55 America/New_York] PHP Deprecated:  Constant FILTER_SANITIZE_STRING is deprecated in /home/rossypgq/social.rosswilliamson.dev/classes/request/Request.php on line 29
[07-Jun-2023 05:45:56 America/New_York] PHP Deprecated:  Constant FILTER_SANITIZE_STRING is deprecated in /home/rossypgq/social.rosswilliamson.dev/classes/request/Request.php on line 29
[07-Jun-2023 05:45:56 America/New_York] PHP Deprecated:  Constant FILTER_SANITIZE_STRING is deprecated in /home/rossypgq/social.rosswilliamson.dev/classes/request/Request.php on line 29
[07-Jun-2023 05:45:56 America/New_York] PHP Deprecated:  Constant FILTER_SANITIZE_STRING is deprecated in /home/rossypgq/social.rosswilliamson.dev/classes/request/Request.php on line 29
[07-Jun-2023 05:48:15 America/New_York] PHP Deprecated:  Constant FILTER_SANITIZE_STRING is deprecated in /home/rossypgq/social.rosswilliamson.dev/classes/request/Request.php on line 29
[07-Jun-2023 05:48:15 America/New_York] PHP Deprecated:  Constant FILTER_SANITIZE_STRING is deprecated in /home/rossypgq/social.rosswilliamson.dev/classes/request/Request.php on line 29
[07-Jun-2023 05:48:15 America/New_York] PHP Deprecated:  Constant FILTER_SANITIZE_STRING is deprecated in /home/rossypgq/social.rosswilliamson.dev/classes/request/Request.php on line 29
[07-Jun-2023 05:51:29 America/New_York] PHP Fatal error:  Uncaught ArgumentCountError: Too few arguments to function request\Request::authorisedPage(), 0 passed in /home/rossypgq/social.rosswilliamson.dev/routes.php on line 23 and exactly 1 expected in /home/rossypgq/social.rosswilliamson.dev/classes/request/Request.php:86
Stack trace:
#0 /home/rossypgq/social.rosswilliamson.dev/routes.php(23): request\Request->authorisedPage()
#1 /home/rossypgq/social.rosswilliamson.dev/config.php(70): require_once('/home/rossypgq/...')
#2 /home/rossypgq/social.rosswilliamson.dev/public/index.php(16): require_once('/home/rossypgq/...')
#3 {main}
  thrown in /home/rossypgq/social.rosswilliamson.dev/classes/request/Request.php on line 86
[07-Jun-2023 06:28:29 America/New_York] PHP Warning:  Undefined array key "firstname" in /home/rossypgq/social.rosswilliamson.dev/classes/formvalidation/RegistrationFormCheck.php on line 258
[07-Jun-2023 06:28:29 America/New_York] PHP Warning:  Undefined array key "password" in /home/rossypgq/social.rosswilliamson.dev/classes/formvalidation/RegistrationFormCheck.php on line 261
[07-Jun-2023 06:46:26 America/New_York] PHP Warning:  Undefined array key "password" in /home/rossypgq/social.rosswilliamson.dev/classes/formvalidation/RegistrationFormCheck.php on line 261
[07-Jun-2023 06:55:37 America/New_York] PHP Parse error:  syntax error, unexpected end of file, expecting "elseif" or "else" or "endif" in /home/rossypgq/social.rosswilliamson.dev/pages/main/register.php on line 79
[07-Jun-2023 06:55:56 America/New_York] PHP Warning:  Undefined array key "password" in /home/rossypgq/social.rosswilliamson.dev/classes/formvalidation/RegistrationFormCheck.php on line 261
[07-Jun-2023 07:02:00 America/New_York] PHP Fatal error:  Uncaught Error: Class "formvalidation\RegistrationFormCheck" not found in /home/rossypgq/social.rosswilliamson.dev/config.php:9
Stack trace:
#0 /home/rossypgq/social.rosswilliamson.dev/public/index.php(16): require_once()
#1 {main}
  thrown in /home/rossypgq/social.rosswilliamson.dev/config.php on line 9
[07-Jun-2023 07:34:23 America/New_York] PHP Warning:  Undefined array key "firstname" in /home/rossypgq/social.rosswilliamson.dev/classes/formvalidation/RegistrationFormCheck.php on line 258
[07-Jun-2023 07:34:23 America/New_York] PHP Warning:  Undefined array key "lastname" in /home/rossypgq/social.rosswilliamson.dev/classes/formvalidation/RegistrationFormCheck.php on line 259
[07-Jun-2023 07:34:23 America/New_York] PHP Warning:  Undefined array key "password" in /home/rossypgq/social.rosswilliamson.dev/classes/formvalidation/RegistrationFormCheck.php on line 261
[07-Jun-2023 07:34:23 America/New_York] PHP Warning:  Undefined array key "email" in /home/rossypgq/social.rosswilliamson.dev/classes/formvalidation/RegistrationFormCheck.php on line 262
[07-Jun-2023 07:36:26 America/New_York] PHP Warning:  Undefined array key "firstname" in /home/rossypgq/social.rosswilliamson.dev/classes/formvalidation/RegistrationFormCheck.php on line 258
[07-Jun-2023 07:36:26 America/New_York] PHP Warning:  Undefined array key "lastname" in /home/rossypgq/social.rosswilliamson.dev/classes/formvalidation/RegistrationFormCheck.php on line 259
[07-Jun-2023 07:36:26 America/New_York] PHP Warning:  Undefined array key "password" in /home/rossypgq/social.rosswilliamson.dev/classes/formvalidation/RegistrationFormCheck.php on line 261
[07-Jun-2023 07:36:26 America/New_York] PHP Warning:  Undefined array key "email" in /home/rossypgq/social.rosswilliamson.dev/classes/formvalidation/RegistrationFormCheck.php on line 262
[07-Jun-2023 07:37:06 America/New_York] PHP Warning:  Undefined array key "firstname" in /home/rossypgq/social.rosswilliamson.dev/classes/formvalidation/RegistrationFormCheck.php on line 258
[07-Jun-2023 07:37:06 America/New_York] PHP Warning:  Undefined array key "lastname" in /home/rossypgq/social.rosswilliamson.dev/classes/formvalidation/RegistrationFormCheck.php on line 259
[07-Jun-2023 07:37:06 America/New_York] PHP Warning:  Undefined array key "password" in /home/rossypgq/social.rosswilliamson.dev/classes/formvalidation/RegistrationFormCheck.php on line 261
[07-Jun-2023 07:37:06 America/New_York] PHP Warning:  Undefined array key "email" in /home/rossypgq/social.rosswilliamson.dev/classes/formvalidation/RegistrationFormCheck.php on line 262
[07-Jun-2023 07:38:14 America/New_York] PHP Warning:  Undefined array key "firstname" in /home/rossypgq/social.rosswilliamson.dev/classes/formvalidation/RegistrationFormCheck.php on line 258
[07-Jun-2023 07:38:14 America/New_York] PHP Warning:  Undefined array key "lastname" in /home/rossypgq/social.rosswilliamson.dev/classes/formvalidation/RegistrationFormCheck.php on line 259
[07-Jun-2023 07:38:14 America/New_York] PHP Warning:  Undefined array key "password" in /home/rossypgq/social.rosswilliamson.dev/classes/formvalidation/RegistrationFormCheck.php on line 261
[07-Jun-2023 07:38:14 America/New_York] PHP Warning:  Undefined array key "email" in /home/rossypgq/social.rosswilliamson.dev/classes/formvalidation/RegistrationFormCheck.php on line 262
[07-Jun-2023 08:37:37 America/New_York] PHP Warning:  Undefined array key "firstname" in /home/rossypgq/social.rosswilliamson.dev/classes/formvalidation/RegistrationFormCheck.php on line 258
[07-Jun-2023 08:37:37 America/New_York] PHP Warning:  Undefined array key "username" in /home/rossypgq/social.rosswilliamson.dev/classes/formvalidation/RegistrationFormCheck.php on line 260
[07-Jun-2023 08:37:37 America/New_York] PHP Warning:  Undefined array key "password" in /home/rossypgq/social.rosswilliamson.dev/classes/formvalidation/RegistrationFormCheck.php on line 261
[07-Jun-2023 08:37:37 America/New_York] PHP Warning:  Undefined array key "email" in /home/rossypgq/social.rosswilliamson.dev/classes/formvalidation/RegistrationFormCheck.php on line 262
[07-Jun-2023 09:05:29 America/New_York] PHP Fatal error:  Uncaught Error: Call to undefined method formvalidation\RegistrationFormCheck::say() in /home/rossypgq/social.rosswilliamson.dev/pages/main/email-verifi.php:3
Stack trace:
#0 /home/rossypgq/social.rosswilliamson.dev/routes.php(72): require_once()
#1 /home/rossypgq/social.rosswilliamson.dev/config.php(70): require_once('/home/rossypgq/...')
#2 /home/rossypgq/social.rosswilliamson.dev/public/index.php(16): require_once('/home/rossypgq/...')
#3 {main}
  thrown in /home/rossypgq/social.rosswilliamson.dev/pages/main/email-verifi.php on line 3
[07-Jun-2023 09:05:49 America/New_York] PHP Fatal error:  Uncaught Error: Call to undefined method formvalidation\RegistrationFormCheck::say() in /home/rossypgq/social.rosswilliamson.dev/pages/main/email-verifi.php:3
Stack trace:
#0 /home/rossypgq/social.rosswilliamson.dev/routes.php(72): require_once()
#1 /home/rossypgq/social.rosswilliamson.dev/config.php(70): require_once('/home/rossypgq/...')
#2 /home/rossypgq/social.rosswilliamson.dev/public/index.php(16): require_once('/home/rossypgq/...')
#3 {main}
  thrown in /home/rossypgq/social.rosswilliamson.dev/pages/main/email-verifi.php on line 3
[07-Jun-2023 09:05:53 America/New_York] PHP Fatal error:  Uncaught Error: Call to undefined method formvalidation\RegistrationFormCheck::say() in /home/rossypgq/social.rosswilliamson.dev/pages/main/email-verifi.php:3
Stack trace:
#0 /home/rossypgq/social.rosswilliamson.dev/routes.php(72): require_once()
#1 /home/rossypgq/social.rosswilliamson.dev/config.php(70): require_once('/home/rossypgq/...')
#2 /home/rossypgq/social.rosswilliamson.dev/public/index.php(16): require_once('/home/rossypgq/...')
#3 {main}
  thrown in /home/rossypgq/social.rosswilliamson.dev/pages/main/email-verifi.php on line 3
[07-Jun-2023 09:05:55 America/New_York] PHP Fatal error:  Uncaught Error: Call to undefined method formvalidation\RegistrationFormCheck::say() in /home/rossypgq/social.rosswilliamson.dev/pages/main/email-verifi.php:3
Stack trace:
#0 /home/rossypgq/social.rosswilliamson.dev/routes.php(72): require_once()
#1 /home/rossypgq/social.rosswilliamson.dev/config.php(70): require_once('/home/rossypgq/...')
#2 /home/rossypgq/social.rosswilliamson.dev/public/index.php(16): require_once('/home/rossypgq/...')
#3 {main}
  thrown in /home/rossypgq/social.rosswilliamson.dev/pages/main/email-verifi.php on line 3
[07-Jun-2023 09:07:53 America/New_York] PHP Fatal error:  Uncaught Error: Call to undefined method formvalidation\RegistrationFormCheck::say() in /home/rossypgq/social.rosswilliamson.dev/pages/main/email-verifi.php:3
Stack trace:
#0 /home/rossypgq/social.rosswilliamson.dev/routes.php(72): require_once()
#1 /home/rossypgq/social.rosswilliamson.dev/config.php(70): require_once('/home/rossypgq/...')
#2 /home/rossypgq/social.rosswilliamson.dev/public/index.php(16): require_once('/home/rossypgq/...')
#3 {main}
  thrown in /home/rossypgq/social.rosswilliamson.dev/pages/main/email-verifi.php on line 3
[07-Jun-2023 09:08:42 America/New_York] PHP Warning:  Undefined variable $registerFormCheck in /home/rossypgq/social.rosswilliamson.dev/pages/main/email-verifi.php on line 3
[07-Jun-2023 09:08:42 America/New_York] PHP Fatal error:  Uncaught Error: Call to a member function say() on null in /home/rossypgq/social.rosswilliamson.dev/pages/main/email-verifi.php:3
Stack trace:
#0 /home/rossypgq/social.rosswilliamson.dev/routes.php(72): require_once()
#1 /home/rossypgq/social.rosswilliamson.dev/config.php(70): require_once('/home/rossypgq/...')
#2 /home/rossypgq/social.rosswilliamson.dev/public/index.php(16): require_once('/home/rossypgq/...')
#3 {main}
  thrown in /home/rossypgq/social.rosswilliamson.dev/pages/main/email-verifi.php on line 3
[07-Jun-2023 09:09:22 America/New_York] PHP Fatal error:  Uncaught Error: Call to undefined method formvalidation\RegistrationFormCheck::say() in /home/rossypgq/social.rosswilliamson.dev/pages/main/email-verifi.php:3
Stack trace:
#0 /home/rossypgq/social.rosswilliamson.dev/routes.php(72): require_once()
#1 /home/rossypgq/social.rosswilliamson.dev/config.php(70): require_once('/home/rossypgq/...')
#2 /home/rossypgq/social.rosswilliamson.dev/public/index.php(16): require_once('/home/rossypgq/...')
#3 {main}
  thrown in /home/rossypgq/social.rosswilliamson.dev/pages/main/email-verifi.php on line 3
[07-Jun-2023 09:10:53 America/New_York] PHP Fatal error:  Uncaught Error: Call to undefined method formvalidation\RegistrationFormCheck::say() in /home/rossypgq/social.rosswilliamson.dev/pages/main/email-verifi.php:3
Stack trace:
#0 /home/rossypgq/social.rosswilliamson.dev/routes.php(72): require_once()
#1 /home/rossypgq/social.rosswilliamson.dev/config.php(70): require_once('/home/rossypgq/...')
#2 /home/rossypgq/social.rosswilliamson.dev/public/index.php(16): require_once('/home/rossypgq/...')
#3 {main}
  thrown in /home/rossypgq/social.rosswilliamson.dev/pages/main/email-verifi.php on line 3
[07-Jun-2023 09:12:45 America/New_York] PHP Fatal error:  Uncaught Error: Call to undefined method formvalidation\RegistrationFormCheck::say() in /home/rossypgq/social.rosswilliamson.dev/pages/main/email-verifi.php:3
Stack trace:
#0 /home/rossypgq/social.rosswilliamson.dev/routes.php(72): require_once()
#1 /home/rossypgq/social.rosswilliamson.dev/config.php(70): require_once('/home/rossypgq/...')
#2 /home/rossypgq/social.rosswilliamson.dev/public/index.php(16): require_once('/home/rossypgq/...')
#3 {main}
  thrown in /home/rossypgq/social.rosswilliamson.dev/pages/main/email-verifi.php on line 3
[07-Jun-2023 09:14:31 America/New_York] PHP Fatal error:  Uncaught Error: Call to undefined method formvalidation\RegistrationFormCheck::say() in /home/rossypgq/social.rosswilliamson.dev/pages/main/email-verifi.php:3
Stack trace:
#0 /home/rossypgq/social.rosswilliamson.dev/routes.php(72): require_once()
#1 /home/rossypgq/social.rosswilliamson.dev/config.php(70): require_once('/home/rossypgq/...')
#2 /home/rossypgq/social.rosswilliamson.dev/public/index.php(16): require_once('/home/rossypgq/...')
#3 {main}
  thrown in /home/rossypgq/social.rosswilliamson.dev/pages/main/email-verifi.php on line 3
[07-Jun-2023 09:16:58 America/New_York] PHP Fatal error:  Uncaught Error: Call to undefined method formvalidation\RegistrationFormCheck::say() in /home/rossypgq/social.rosswilliamson.dev/pages/main/email-verifi.php:3
Stack trace:
#0 /home/rossypgq/social.rosswilliamson.dev/routes.php(72): require_once()
#1 /home/rossypgq/social.rosswilliamson.dev/config.php(70): require_once('/home/rossypgq/...')
#2 /home/rossypgq/social.rosswilliamson.dev/public/index.php(16): require_once('/home/rossypgq/...')
#3 {main}
  thrown in /home/rossypgq/social.rosswilliamson.dev/pages/main/email-verifi.php on line 3
[07-Jun-2023 09:17:00 America/New_York] PHP Fatal error:  Uncaught Error: Call to undefined method formvalidation\RegistrationFormCheck::say() in /home/rossypgq/social.rosswilliamson.dev/pages/main/email-verifi.php:3
Stack trace:
#0 /home/rossypgq/social.rosswilliamson.dev/routes.php(72): require_once()
#1 /home/rossypgq/social.rosswilliamson.dev/config.php(70): require_once('/home/rossypgq/...')
#2 /home/rossypgq/social.rosswilliamson.dev/public/index.php(16): require_once('/home/rossypgq/...')
#3 {main}
  thrown in /home/rossypgq/social.rosswilliamson.dev/pages/main/email-verifi.php on line 3
[07-Jun-2023 09:18:05 America/New_York] PHP Fatal error:  Uncaught Error: Call to undefined method formvalidation\RegistrationFormCheck::say() in /home/rossypgq/social.rosswilliamson.dev/pages/main/email-verifi.php:3
Stack trace:
#0 /home/rossypgq/social.rosswilliamson.dev/routes.php(72): require_once()
#1 /home/rossypgq/social.rosswilliamson.dev/config.php(70): require_once('/home/rossypgq/...')
#2 /home/rossypgq/social.rosswilliamson.dev/public/index.php(16): require_once('/home/rossypgq/...')
#3 {main}
  thrown in /home/rossypgq/social.rosswilliamson.dev/pages/main/email-verifi.php on line 3
[07-Jun-2023 09:29:00 America/New_York] PHP Fatal error:  Uncaught Error: Call to undefined method formvalidation\RegistrationFormCheck::hello() in /home/rossypgq/social.rosswilliamson.dev/pages/main/email-verifi.php:3
Stack trace:
#0 /home/rossypgq/social.rosswilliamson.dev/routes.php(72): require_once()
#1 /home/rossypgq/social.rosswilliamson.dev/config.php(70): require_once('/home/rossypgq/...')
#2 /home/rossypgq/social.rosswilliamson.dev/public/index.php(16): require_once('/home/rossypgq/...')
#3 {main}
  thrown in /home/rossypgq/social.rosswilliamson.dev/pages/main/email-verifi.php on line 3
[07-Jun-2023 09:29:43 America/New_York] PHP Fatal error:  Uncaught Error: Call to undefined method formvalidation\RegistrationFormCheck::hello() in /home/rossypgq/social.rosswilliamson.dev/pages/main/email-verifi.php:3
Stack trace:
#0 /home/rossypgq/social.rosswilliamson.dev/routes.php(72): require_once()
#1 /home/rossypgq/social.rosswilliamson.dev/config.php(70): require_once('/home/rossypgq/...')
#2 /home/rossypgq/social.rosswilliamson.dev/public/index.php(16): require_once('/home/rossypgq/...')
#3 {main}
  thrown in /home/rossypgq/social.rosswilliamson.dev/pages/main/email-verifi.php on line 3
[07-Jun-2023 09:30:21 America/New_York] PHP Fatal error:  Uncaught Error: Call to undefined method formvalidation\RegistrationFormCheck::hello() in /home/rossypgq/social.rosswilliamson.dev/pages/main/email-verifi.php:3
Stack trace:
#0 /home/rossypgq/social.rosswilliamson.dev/routes.php(72): require_once()
#1 /home/rossypgq/social.rosswilliamson.dev/config.php(70): require_once('/home/rossypgq/...')
#2 /home/rossypgq/social.rosswilliamson.dev/public/index.php(16): require_once('/home/rossypgq/...')
#3 {main}
  thrown in /home/rossypgq/social.rosswilliamson.dev/pages/main/email-verifi.php on line 3
[07-Jun-2023 09:34:41 America/New_York] PHP Parse error:  syntax error, unexpected token "}" in /home/rossypgq/social.rosswilliamson.dev/classes/formvalidation/RegistrationFormCheck.php on line 389
[07-Jun-2023 09:45:56 America/New_York] PHP Fatal error:  Uncaught PDOException: SQLSTATE[HY093]: Invalid parameter number: parameter was not defined in /home/rossypgq/social.rosswilliamson.dev/classes/formvalidation/RegistrationFormCheck.php:392
Stack trace:
#0 /home/rossypgq/social.rosswilliamson.dev/classes/formvalidation/RegistrationFormCheck.php(392): PDOStatement->execute()
#1 /home/rossypgq/social.rosswilliamson.dev/pages/main/email-verifi.php(3): formvalidation\RegistrationFormCheck->checkIfQueryStringMatchesDatabase()
#2 /home/rossypgq/social.rosswilliamson.dev/routes.php(72): require_once('/home/rossypgq/...')
#3 /home/rossypgq/social.rosswilliamson.dev/config.php(70): require_once('/home/rossypgq/...')
#4 /home/rossypgq/social.rosswilliamson.dev/public/index.php(16): require_once('/home/rossypgq/...')
#5 {main}
  thrown in /home/rossypgq/social.rosswilliamson.dev/classes/formvalidation/RegistrationFormCheck.php on line 392
[07-Jun-2023 09:47:13 America/New_York] PHP Fatal error:  Uncaught PDOException: SQLSTATE[HY093]: Invalid parameter number: parameter was not defined in /home/rossypgq/social.rosswilliamson.dev/classes/formvalidation/RegistrationFormCheck.php:392
Stack trace:
#0 /home/rossypgq/social.rosswilliamson.dev/classes/formvalidation/RegistrationFormCheck.php(392): PDOStatement->execute()
#1 /home/rossypgq/social.rosswilliamson.dev/pages/main/email-verifi.php(3): formvalidation\RegistrationFormCheck->checkIfQueryStringMatchesDatabase()
#2 /home/rossypgq/social.rosswilliamson.dev/routes.php(72): require_once('/home/rossypgq/...')
#3 /home/rossypgq/social.rosswilliamson.dev/config.php(70): require_once('/home/rossypgq/...')
#4 /home/rossypgq/social.rosswilliamson.dev/public/index.php(16): require_once('/home/rossypgq/...')
#5 {main}
  thrown in /home/rossypgq/social.rosswilliamson.dev/classes/formvalidation/RegistrationFormCheck.php on line 392
[07-Jun-2023 10:16:21 America/New_York] PHP Fatal error:  Uncaught Error: Call to private method formvalidation\forgotPassword::changePassword() from global scope in /home/rossypgq/social.rosswilliamson.dev/routes.php:35
Stack trace:
#0 /home/rossypgq/social.rosswilliamson.dev/config.php(70): require_once()
#1 /home/rossypgq/social.rosswilliamson.dev/public/index.php(16): require_once('/home/rossypgq/...')
#2 {main}
  thrown in /home/rossypgq/social.rosswilliamson.dev/routes.php on line 35
[07-Jun-2023 10:25:19 America/New_York] PHP Fatal error:  Uncaught Error: Class "formvalidation\ValidateLoginCredentials" not found in /home/rossypgq/social.rosswilliamson.dev/config.php:10
Stack trace:
#0 /home/rossypgq/social.rosswilliamson.dev/public/index.php(16): require_once()
#1 {main}
  thrown in /home/rossypgq/social.rosswilliamson.dev/config.php on line 10
[07-Jun-2023 10:31:25 America/New_York] PHP Fatal error:  Uncaught Error: Class "formvalidation\ResetPassword" not found in /home/rossypgq/social.rosswilliamson.dev/config.php:11
Stack trace:
#0 /home/rossypgq/social.rosswilliamson.dev/public/index.php(16): require_once()
#1 {main}
  thrown in /home/rossypgq/social.rosswilliamson.dev/config.php on line 11
[07-Jun-2023 11:08:26 America/New_York] PHP Fatal error:  Uncaught Error: Access to undeclared static property formvalidation\RegistrationFormCheck::$errors in /home/rossypgq/social.rosswilliamson.dev/classes/formvalidation/forgotPassword.php:77
Stack trace:
#0 /home/rossypgq/social.rosswilliamson.dev/routes.php(35): formvalidation\forgotPassword->changePassword()
#1 /home/rossypgq/social.rosswilliamson.dev/config.php(70): require_once('/home/rossypgq/...')
#2 /home/rossypgq/social.rosswilliamson.dev/public/index.php(16): require_once('/home/rossypgq/...')
#3 {main}
  thrown in /home/rossypgq/social.rosswilliamson.dev/classes/formvalidation/forgotPassword.php on line 77
[07-Jun-2023 11:11:29 America/New_York] PHP Fatal error:  Uncaught Error: Access to undeclared static property formvalidation\RegistrationFormCheck::$errors in /home/rossypgq/social.rosswilliamson.dev/classes/formvalidation/forgotPassword.php:77
Stack trace:
#0 /home/rossypgq/social.rosswilliamson.dev/routes.php(35): formvalidation\forgotPassword->changePassword()
#1 /home/rossypgq/social.rosswilliamson.dev/config.php(70): require_once('/home/rossypgq/...')
#2 /home/rossypgq/social.rosswilliamson.dev/public/index.php(16): require_once('/home/rossypgq/...')
#3 {main}
  thrown in /home/rossypgq/social.rosswilliamson.dev/classes/formvalidation/forgotPassword.php on line 77
[07-Jun-2023 11:14:19 America/New_York] PHP Warning:  foreach() argument must be of type array|object, string given in /home/rossypgq/social.rosswilliamson.dev/pages/main/reset-password.php on line 16
[07-Jun-2023 11:15:51 America/New_York] PHP Warning:  foreach() argument must be of type array|object, string given in /home/rossypgq/social.rosswilliamson.dev/pages/main/reset-password.php on line 16
[07-Jun-2023 11:15:56 America/New_York] PHP Warning:  foreach() argument must be of type array|object, string given in /home/rossypgq/social.rosswilliamson.dev/pages/main/reset-password.php on line 16
[07-Jun-2023 11:16:01 America/New_York] PHP Fatal error:  Uncaught Error: Access to undeclared static property formvalidation\RegistrationFormCheck::$errors in /home/rossypgq/social.rosswilliamson.dev/classes/formvalidation/forgotPassword.php:77
Stack trace:
#0 /home/rossypgq/social.rosswilliamson.dev/routes.php(35): formvalidation\forgotPassword->changePassword()
#1 /home/rossypgq/social.rosswilliamson.dev/config.php(70): require_once('/home/rossypgq/...')
#2 /home/rossypgq/social.rosswilliamson.dev/public/index.php(16): require_once('/home/rossypgq/...')
#3 {main}
  thrown in /home/rossypgq/social.rosswilliamson.dev/classes/formvalidation/forgotPassword.php on line 77
[07-Jun-2023 11:24:19 America/New_York] PHP Warning:  Undefined array key "username" in /home/rossypgq/social.rosswilliamson.dev/classes/sessions/session.php on line 23
[07-Jun-2023 11:24:37 America/New_York] PHP Warning:  Undefined array key "username" in /home/rossypgq/social.rosswilliamson.dev/classes/sessions/session.php on line 23
[07-Jun-2023 11:24:47 America/New_York] PHP Warning:  Undefined array key "username" in /home/rossypgq/social.rosswilliamson.dev/classes/sessions/session.php on line 23
[07-Jun-2023 11:27:54 America/New_York] PHP Warning:  Undefined array key "username" in /home/rossypgq/social.rosswilliamson.dev/classes/sessions/session.php on line 23
[07-Jun-2023 11:27:56 America/New_York] PHP Warning:  Undefined array key "username" in /home/rossypgq/social.rosswilliamson.dev/classes/sessions/session.php on line 23
[07-Jun-2023 11:27:59 America/New_York] PHP Warning:  Undefined array key "username" in /home/rossypgq/social.rosswilliamson.dev/classes/sessions/session.php on line 23
[07-Jun-2023 11:28:08 America/New_York] PHP Warning:  Undefined array key "username" in /home/rossypgq/social.rosswilliamson.dev/classes/sessions/session.php on line 23
[07-Jun-2023 19:06:56 Europe/London] PHP Fatal error:  Uncaught TypeError: DateTime::setTimezone(): Argument #1 ($timezone) must be of type DateTimeZone, string given in /home/rossypgq/social.rosswilliamson.dev/classes/formvalidation/posts.php:96
Stack trace:
#0 /home/rossypgq/social.rosswilliamson.dev/classes/formvalidation/posts.php(96): DateTime->setTimezone()
#1 /home/rossypgq/social.rosswilliamson.dev/classes/formvalidation/posts.php(52): formvalidation\posts->formatdateTime()
#2 /home/rossypgq/social.rosswilliamson.dev/pages/auth/profile.php(33): formvalidation\posts->getPosts()
#3 /home/rossypgq/social.rosswilliamson.dev/routes.php(96): require_once('/home/rossypgq/...')
#4 /home/rossypgq/social.rosswilliamson.dev/config.php(75): require_once('/home/rossypgq/...')
#5 /home/rossypgq/social.rosswilliamson.dev/public/index.php(16): require_once('/home/rossypgq/...')
#6 {main}
  thrown in /home/rossypgq/social.rosswilliamson.dev/classes/formvalidation/posts.php on line 96
[07-Jun-2023 19:07:54 Europe/London] PHP Fatal error:  Uncaught TypeError: strtotime(): Argument #1 ($datetime) must be of type string, DateTime given in /home/rossypgq/social.rosswilliamson.dev/classes/formvalidation/posts.php:98
Stack trace:
#0 /home/rossypgq/social.rosswilliamson.dev/classes/formvalidation/posts.php(98): strtotime()
#1 /home/rossypgq/social.rosswilliamson.dev/classes/formvalidation/posts.php(52): formvalidation\posts->formatdateTime()
#2 /home/rossypgq/social.rosswilliamson.dev/pages/auth/profile.php(33): formvalidation\posts->getPosts()
#3 /home/rossypgq/social.rosswilliamson.dev/routes.php(96): require_once('/home/rossypgq/...')
#4 /home/rossypgq/social.rosswilliamson.dev/config.php(75): require_once('/home/rossypgq/...')
#5 /home/rossypgq/social.rosswilliamson.dev/public/index.php(16): require_once('/home/rossypgq/...')
#6 {main}
  thrown in /home/rossypgq/social.rosswilliamson.dev/classes/formvalidation/posts.php on line 98
[08-Jun-2023 12:38:12 Europe/London] PHP Fatal error:  Uncaught Error: Class "formvalidation\RegistrationFormErrorMessages" not found in /home/rossypgq/social.rosswilliamson.dev/classes/formvalidation/RegistrationFormCheck.php:14
Stack trace:
#0 /home/rossypgq/social.rosswilliamson.dev/public/index.php(11): require_once()
#1 /home/rossypgq/social.rosswilliamson.dev/config.php(13): {closure}()
#2 /home/rossypgq/social.rosswilliamson.dev/public/index.php(16): require_once('/home/rossypgq/...')
#3 {main}
  thrown in /home/rossypgq/social.rosswilliamson.dev/classes/formvalidation/RegistrationFormCheck.php on line 14
[11-Jun-2023 11:11:28 Europe/London] PHP Warning:  Undefined array key "code" in /home/rossypgq/social.rosswilliamson.dev/classes/request/Request.php on line 123
[11-Jun-2023 11:11:38 Europe/London] PHP Warning:  Undefined array key "code" in /home/rossypgq/social.rosswilliamson.dev/classes/request/Request.php on line 123
[11-Jun-2023 11:11:38 Europe/London] PHP Warning:  Undefined array key "code" in /home/rossypgq/social.rosswilliamson.dev/classes/request/Request.php on line 123
[11-Jun-2023 11:11:38 Europe/London] PHP Warning:  Undefined array key "code" in /home/rossypgq/social.rosswilliamson.dev/classes/request/Request.php on line 123
[11-Jun-2023 11:11:48 Europe/London] PHP Warning:  Undefined array key "code" in /home/rossypgq/social.rosswilliamson.dev/classes/request/Request.php on line 123
[11-Jun-2023 11:11:48 Europe/London] PHP Warning:  Undefined array key "code" in /home/rossypgq/social.rosswilliamson.dev/classes/request/Request.php on line 123
[11-Jun-2023 11:11:48 Europe/London] PHP Warning:  Undefined array key "code" in /home/rossypgq/social.rosswilliamson.dev/classes/request/Request.php on line 123
[03-Mar-2024 22:56:13 Europe/London] PHP Warning:  Undefined array key "code" in /home/rossypgq/social.rosswilliamson.dev/classes/request/Request.php on line 123
[03-Mar-2024 22:56:13 Europe/London] PHP Warning:  Undefined array key "code" in /home/rossypgq/social.rosswilliamson.dev/classes/request/Request.php on line 123
[03-Mar-2024 22:56:13 Europe/London] PHP Warning:  Undefined array key "code" in /home/rossypgq/social.rosswilliamson.dev/classes/request/Request.php on line 123
[06-Mar-2024 15:40:10 Europe/London] PHP Warning:  Undefined array key "firstname" in /home/rossypgq/social.rosswilliamson.dev/classes/formvalidation/RegistrationFormCheck.php on line 262
[06-Mar-2024 15:40:10 Europe/London] PHP Warning:  Undefined array key "lastname" in /home/rossypgq/social.rosswilliamson.dev/classes/formvalidation/RegistrationFormCheck.php on line 263
[06-Mar-2024 15:40:10 Europe/London] PHP Warning:  Undefined array key "username" in /home/rossypgq/social.rosswilliamson.dev/classes/formvalidation/RegistrationFormCheck.php on line 264
[06-Mar-2024 15:40:10 Europe/London] PHP Warning:  Undefined array key "password" in /home/rossypgq/social.rosswilliamson.dev/classes/formvalidation/RegistrationFormCheck.php on line 265
[09-Mar-2024 13:50:24 Europe/London] PHP Warning:  Undefined array key "code" in /home/rossypgq/social.rosswilliamson.dev/classes/request/Request.php on line 123
[09-Mar-2024 13:50:24 Europe/London] PHP Warning:  Undefined array key "code" in /home/rossypgq/social.rosswilliamson.dev/classes/request/Request.php on line 123
[09-Mar-2024 13:50:24 Europe/London] PHP Warning:  Undefined array key "code" in /home/rossypgq/social.rosswilliamson.dev/classes/request/Request.php on line 123
[09-Mar-2024 13:50:27 Europe/London] PHP Warning:  Undefined array key "code" in /home/rossypgq/social.rosswilliamson.dev/classes/request/Request.php on line 123
[09-Mar-2024 13:50:27 Europe/London] PHP Warning:  Undefined array key "code" in /home/rossypgq/social.rosswilliamson.dev/classes/request/Request.php on line 123
[09-Mar-2024 13:50:27 Europe/London] PHP Warning:  Undefined array key "code" in /home/rossypgq/social.rosswilliamson.dev/classes/request/Request.php on line 123
